8520 3278 3753 1251 646 2292 153 7602 7107 5180 6172 1558 8864 9892 2376 2226 3670 1833 4444 4664 1301 8848 9635 8949 3838 2884 2041 9707 51 9057 4896 2793 3185 
5532 9343 6980 2431 1470 2358 4028 2649 3943 1963 3558 3736 5856 4295 3413 6312 9395 5604 3649 8501 2367 4329 9949 224 7696 1541 2415 5420 3381 4955 6321 6642 2640 
6949 777 8475 4282 9794 8041 2428 1449 6021 1728 938 2079 6607 7597 1392 4356 1495 9189 9999 2429 2654 2875 6390 7637 7503 5201 4783 696 7237 7209 9582 301 1263 
1860 9255 2985 4850 6666 1559 6836 5563 4987 645 7289 3670 7430 5061 5269 8562 5005 2044 6250 5660 5215 7018 7392 4867 2662 3301 5123 5394 8056 5284 6427 1257 6261 
5844 5384 7278 770 8241 1405 6711 725 3289 3635 9827 5820 1776 3453 8446 7773 6416 7629 4557 202 722 2478 5960 835 7342 4367 7452 9614 8877 7082 7833 9711 1297 
6821 3108 7867 7969 4732 1564 617 1010 2516 1357 7156 6806 1550 7600 6478 2708 9276 542 349 256 7889 3010 458 4256 4846 6491 8019 586 4220 4728 8747 4171 6398 
9742 9441 7744 669 2145 5175 7503 5427 4736 475 6258 2949 4452 9758 5832 7815 6060 495 6125 7482 1035 2446 6489 465 8833 6249 4295 5309 6858 9148 3731 4708 8130 
1125 9887 3412 1479 2098 4533 2745 3917 1280 8055 5485 631 9510 2305 9747 8223 2108 6337 6061 7979 535 7181 8458 2711 6275 4946 9416 6963 4136 155 2328 8932 872 
5934 6647 9058 3755 7411 1076 4675 2426 8799 2499 7073 3647 8509 5251 6435 2809 991 2306 2222 8232 6439 3131 2651 223 6598 7522 9270 6903 3366 3919 4447 7539 3373 
1130 5113 6335 9480 3304 2835 8450 5162 9527 7940 796 2881 647 5694 2860 2291 3181 7835 2863 8864 3480 7508 5726 4321 9296 7223 3140 3829 8589 5560 3532 4158 7285 
1641 5492 4548 4769 9324 9264 1915 6712 4947 5489 1454 6310 8156 5044 3543 7371 6061 4428 5576 3014 4497 3046 2803 3677 8995 9365 5952 6226 1485 1428 6609 7056 2160 
1975 2508 3760 6538 9018 5828 8675 3904 3792 6946 8939 741 7947 7850 6938 8235 9955 4857 687 1226 9020 8624 6572 7701 3678 4443 6135 9217 9487 792 3288 3119 4397 
3326 6572 3919 2710 110 4887 8550 5558 8836 6866 2083 3968 7518 8234 7005 6059 9159 95 5688 8840 8433 7485 4999 7931 9717 8570 1050 9102 5800 3026 5069 4384 2355 
6356 245 256 9021 4548 5177 1239 5566 6270 2526 5111 3757 3687 6285 9969 3080 9506 816 6730 8244 1147 4837 8558 7009 6072 6908 9044 2264 7383 6996 8278 7731 5053 
6676 7359 4033 7924 9453 5715 7998 4368 3202 5517 182 9326 60 7697 4892 6656 6749 913 873 2877 2299 398 6288 1675 1969 9885 9702 5410 8203 4977 5806 1916 671 
1093 922 7486 4235 7338 3848 4999 9191 3999 3044 8891 6302 7937 8895 2475 8278 5415 4332 3687 1956 8011 611 60 9628 7972 7609 7727 2535 8046 2530 2675 2004 7872 
3683 1652 4796 7036 8860 2624 9699 2833 8379 1956 7998 1253 3071 8496 2605 543 1648 9170 2376 9115 1654 110 5915 4212 6779 4965 6035 3752 9484 4736 4230 1409 6793 
617 9603 1883 6802 9221 5390 6212 907 3104 1850 6586 3498 975 6915 6 1763 6637 8853 7967 499 4425 6860 7510 1465 1909 8639 7935 5771 2402 5566 8885 6764 1747 
8349 3567 2281 9777 6893 4347 5067 191 5248 6199 9190 1221 7928 3182 8994 1938 6859 3195 8395 7146 8464 6292 3144 46 1094 5301 9690 1715 5179 9431 7391 7580 2234 
395 4058 1010 9261 7907 5433 202 6105 2817 940 992 5531 1870 853 4203 5045 1199 3547 6568 2293 1884 1358 9096 8793 1022 3779 2655 7299 7036 3431 297 8725 924 
7088 7797 255 2401 8559 2610 5144 9127 1817 2258 8712 4734 4286 6947 2253 9589 3016 558 3589 5131 1405 3806 9046 5376 7538 2520 9937 5913 7804 8556 396 9451 9755 
1526 734 398 391 173 2187 129 5877 1948 6370 6328 4973 2618 8053 1193 9255 239 9580 220 4127 5023 351 6581 6015 1125 7524 9250 5512 9340 7297 309 8453 1927 
9229 9521 5528 3197 5347 6073 1444 3562 9371 8467 8045 6377 5441 8685 7669 6559 3629 6906 9677 1900 8714 10002 2591 3196 3550 5177 5950 6137 6969 3858 7342 9294 6698 
2174 6104 865 1875 6963 8263 6559 9535 9528 4730 4677 5769 1434 8404 2606 2882 8155 136 3544 4339 8588 5091 6624 2367 5551 4082 4609 8029 831 0 4284 5164 6820 
8127 6138 2894 5325 6829 7560 8475 6465 188 5007 9664 2574 2337 7350 4214 4150 2494 6541 1301 2123 5443 5607 4193 190 3326 9847 4392 5369 7517 8959 1149 3433 2123 
3346 3212 9248 2769 7157 11 7413 5233 5928 1474 8748 5895 9200 7343 548 8604 6222 3748 9130 8934 9322 9170 644 4145 373 7299 8918 7234 4920 6605 4255 2247 752 
2042 5619 2817 1362 1477 8658 9381 3533 8333 2134 694 4959 7803 432 3675 3587 6750 7888 8070 4996 7072 5643 61 3834 1344 4319 2626 3461 5929 9363 8081 6990 4915 
2155 6617 5478 95 3754 7034 6317 7875 6514 4465 1955 3774 888 7934 7866 3912 9139 9611 3778 6589 402 8033 3542 3406 1093 6852 7017 5867 5913 5185 1607 1875 8257 
8717 892 2792 6529 430 1275 9719 826 3476 5475 6585 8341 7022 3664 8508 9388 8204 5705 4196 7600 2363 8491 1721 8184 192 4898 8115 6851 3468 6883 8458 415 7590 
3712 4872 8262 5149 3924 3912 659 4209 4241 7609 9118 2225 5111 474 1105 8327 4993 896 3191 7193 6683 1840 1389 6094 2269 2167 754 8794 6692 601 5449 3981 3065 
862 2389 9682 638 3827 2644 2532 7433 7297 8157 6569 2949 5422 8307 792 2151 8976 10001 6337 2940 6103 7667 6738 6158 2246 699 3703 2959 6741 6170 9489 1523 9844 
9912 1569 5409 4241 140 9597 4184 453 4262 2352 6159 3550 3794 1445 7760 5592 1770 6652 6391 1610 1551 1936 5565 4169 2935 1915 712 5883 4794 7272 9571 9755 2745 
9202 1051 8885 1476 8768 1105 5258 3083 891 4345 172 8693 6037 1862 5590 5749 4396 5407 263 492 3759 1653 8207 9384 8831 8785 4022 3932 2074 8699 3840 8398 5502 
